######################################################################
#
# EE-577b 2020 FALL
# : DesignCompiler synthesis script
#   modified by Linyi Hong
#
# use this script as a template for synthesizing combinational logic
#
######################################################################
# Setting variable for design_name. (top module name)
set design_name $env(DESIGN_NAME);
ALU
## For NCSUFreePDK45nm library
set search_path [ list .                   /home/scf-22/ee577/NCSU45PDK/FreePDK45/osu_soc/lib/files ]
. /home/scf-22/ee577/NCSU45PDK/FreePDK45/osu_soc/lib/files
set target_library { gscl45nm.db }
 gscl45nm.db 
set synthetic_library [list dw_foundation.sldb standard.sldb ]
dw_foundation.sldb standard.sldb
set link_library [list * gscl45nm.db dw_foundation.sldb standard.sldb]
* gscl45nm.db dw_foundation.sldb standard.sldb
# Reading source verilog file.
# copy your verilog file into ./src/ before synthesis.
read_verilog ./src/${design_name}.v ;
Loading db file '/home/scf-22/ee577/NCSU45PDK/FreePDK45/osu_soc/lib/files/gscl45nm.db'
Loading db file '/usr/local/synopsys/Design_Compiler/default/libraries/syn/dw_foundation.sldb'
Loading db file '/usr/local/synopsys/Design_Compiler/default/libraries/syn/standard.sldb'
Loading db file '/usr/local/synopsys/Design_Compiler/default/libraries/syn/gtech.db'
  Loading link library 'gscl45nm'
  Loading link library 'gtech'
Loading verilog file '/home/viterbi/07/shivbhak/EE577b/proj-phase2/ALU/src/ALU.v'
Detecting input file type automatically (-rtl or -netlist).
Opening include file ./include/sim_ver/DW01_add.v
Opening include file ./include/sim_ver/DW02_mult.v
Opening include file ./include/sim_ver/DW_sqrt.v
Opening include file ./include/sim_ver/DW_sqrt_function.inc
Opening include file ./include/sim_ver/DW_shifter.v
Opening include file ./include/sim_ver/DW_shifter_function.inc
Reading with Presto HDL Compiler (equivalent to -rtl option).
Running PRESTO HDLC
Compiling source file /home/viterbi/07/shivbhak/EE577b/proj-phase2/ALU/src/ALU.v
Opening include file ./include/sim_ver/DW01_add.v
Opening include file ./include/sim_ver/DW02_mult.v
Opening include file ./include/sim_ver/DW_sqrt.v
Opening include file ./include/sim_ver/DW_sqrt_function.inc
Warning:  ./include/sim_ver/DW_sqrt_function.inc:40: Function 'DWF_sqrt_uns' with non-empty body is mapped to 'SQRT_UNS_OP'; body will be ignored. (VER-136)
Warning:  ./include/sim_ver/DW_sqrt_function.inc:72: Function 'DWF_sqrt_tc' with non-empty body is mapped to 'SQRT_TC_OP'; body will be ignored. (VER-136)
Opening include file ./include/sim_ver/DW_shifter.v
Warning:  ./include/sim_ver/DW_sqrt.v:72: The statements in initial blocks are ignored. (VER-281)
Opening include file ./include/sim_ver/DW_shifter_function.inc
Warning:  ./include/sim_ver/DW_shifter_function.inc:32: Function 'DWF_shifter_uns_uns' with non-empty body is mapped to 'SHIFTER_UNS_UNS_OP'; body will be ignored. (VER-136)
Warning:  ./include/sim_ver/DW_shifter_function.inc:58: Function 'DWF_shifter_tc_uns' with non-empty body is mapped to 'SHIFTER_TC_UNS_OP'; body will be ignored. (VER-136)
Warning:  ./include/sim_ver/DW_shifter_function.inc:84: Function 'DWF_shifter_uns_tc' with non-empty body is mapped to 'SHIFTER_UNS_TC_OP'; body will be ignored. (VER-136)
Warning:  ./include/sim_ver/DW_shifter_function.inc:125: Function 'DWF_shifter_tc_tc' with non-empty body is mapped to 'SHIFTER_TC_TC_OP'; body will be ignored. (VER-136)
Warning:  ./include/sim_ver/DW_shifter_function.inc:190: signed to unsigned conversion occurs. (VER-318)
Warning:  ./include/sim_ver/DW_shifter_function.inc:194: signed to unsigned conversion occurs. (VER-318)
Warning:  ./include/sim_ver/DW_shifter_function.inc:195: signed to unsigned conversion occurs. (VER-318)
Warning:  ./include/sim_ver/DW_shifter_function.inc:220: signed to unsigned conversion occurs. (VER-318)
Warning:  ./include/sim_ver/DW_shifter_function.inc:226: signed to unsigned conversion occurs. (VER-318)
Warning:  ./include/sim_ver/DW_shifter_function.inc:232: signed to unsigned conversion occurs. (VER-318)
Warning:  ./include/sim_ver/DW_shifter_function.inc:233: signed to unsigned conversion occurs. (VER-318)
Warning:  ./include/sim_ver/DW_shifter_function.inc:238: signed to unsigned conversion occurs. (VER-318)
Warning:  ./include/sim_ver/DW_shifter_function.inc:239: signed to unsigned conversion occurs. (VER-318)
Warning:  ./include/sim_ver/DW_shifter_function.inc:261: signed to unsigned conversion occurs. (VER-318)
Warning:  ./include/sim_ver/DW_shifter_function.inc:265: signed to unsigned conversion occurs. (VER-318)
Warning:  ./include/sim_ver/DW_shifter_function.inc:266: signed to unsigned conversion occurs. (VER-318)
Warning:  ./include/sim_ver/DW_shifter_function.inc:291: signed to unsigned conversion occurs. (VER-318)
Warning:  ./include/sim_ver/DW_shifter_function.inc:298: signed to unsigned conversion occurs. (VER-318)
Warning:  ./include/sim_ver/DW_shifter_function.inc:304: signed to unsigned conversion occurs. (VER-318)
Warning:  ./include/sim_ver/DW_shifter_function.inc:305: signed to unsigned conversion occurs. (VER-318)
Warning:  ./include/sim_ver/DW_shifter_function.inc:310: signed to unsigned conversion occurs. (VER-318)
Warning:  ./include/sim_ver/DW_shifter_function.inc:311: signed to unsigned conversion occurs. (VER-318)

Statistics for case statements in always block at line 296 in file
        '/home/viterbi/07/shivbhak/EE577b/proj-phase2/ALU/src/ALU.v'
===============================================
|           Line           |  full/ parallel  |
===============================================
|           299            |     no/auto      |
|           303            |     no/auto      |
|           327            |    auto/auto     |
|           411            |    auto/auto     |
|           487            |     no/auto      |
|           510            |     no/auto      |
|           556            |    auto/auto     |
|           588            |    auto/auto     |
|           620            |    auto/auto     |
|           698            |    auto/auto     |
|           734            |    auto/auto     |
|           850            |     no/auto      |
|           878            |     no/auto      |
|           926            |     no/auto      |
|           973            |    auto/auto     |
===============================================

Inferred memory devices in process
        in routine ALU line 296 in file
                '/home/viterbi/07/shivbhak/EE577b/proj-phase2/ALU/src/ALU.v'.
===============================================================================
|      Register Name      | Type  | Width | Bus | MB | AR | AS | SR | SS | ST |
===============================================================================
|     rA_64bit_p1_reg     | Latch |  64   |  Y  | N  | N  | N  | -  | -  | -  |
|     rB_32bit_p2_reg     | Latch |  32   |  Y  | N  | N  | N  | -  | -  | -  |
|     rA_16bit_p4_reg     | Latch |  16   |  Y  | N  | N  | N  | -  | -  | -  |
| amt_to_shift_16b_p1_reg | Latch |   4   |  Y  | N  | N  | N  | -  | -  | -  |
|     rA_8bit_p3_reg      | Latch |   8   |  Y  | N  | N  | N  | -  | -  | -  |
|     rB_16bit_p1_reg     | Latch |  16   |  Y  | N  | N  | N  | -  | -  | -  |
|     rB_8bit_p2_reg      | Latch |   8   |  Y  | N  | N  | N  | -  | -  | -  |
|     rA_16bit_p1_reg     | Latch |  16   |  Y  | N  | N  | N  | -  | -  | -  |
|     rA_8bit_p2_reg      | Latch |   8   |  Y  | N  | N  | N  | -  | -  | -  |
|     rB_8bit_p8_reg      | Latch |   8   |  Y  | N  | N  | N  | -  | -  | -  |
|     rB_8bit_p1_reg      | Latch |   8   |  Y  | N  | N  | N  | -  | -  | -  |
|     rA_8bit_p8_reg      | Latch |   8   |  Y  | N  | N  | N  | -  | -  | -  |
|     rA_8bit_p1_reg      | Latch |   8   |  Y  | N  | N  | N  | -  | -  | -  |
|     rB_8bit_p7_reg      | Latch |   8   |  Y  | N  | N  | N  | -  | -  | -  |
|     rB_64bit_p1_reg     | Latch |  64   |  Y  | N  | N  | N  | -  | -  | -  |
|     rA_8bit_p7_reg      | Latch |   8   |  Y  | N  | N  | N  | -  | -  | -  |
|       ALU_out_reg       | Latch |  64   |  Y  | N  | N  | N  | -  | -  | -  |
|     rB_8bit_p6_reg      | Latch |   8   |  Y  | N  | N  | N  | -  | -  | -  |
| amt_to_shift_32b_p2_reg | Latch |   5   |  Y  | N  | N  | N  | -  | -  | -  |
|     rA_8bit_p6_reg      | Latch |   8   |  Y  | N  | N  | N  | -  | -  | -  |
|     rA_32bit_p2_reg     | Latch |  32   |  Y  | N  | N  | N  | -  | -  | -  |
| amt_to_shift_32b_p1_reg | Latch |   5   |  Y  | N  | N  | N  | -  | -  | -  |
|     rB_16bit_p3_reg     | Latch |  16   |  Y  | N  | N  | N  | -  | -  | -  |
| amt_to_shift_16b_p4_reg | Latch |   4   |  Y  | N  | N  | N  | -  | -  | -  |
|     rA_16bit_p3_reg     | Latch |  16   |  Y  | N  | N  | N  | -  | -  | -  |
| amt_to_shift_16b_p3_reg | Latch |   4   |  Y  | N  | N  | N  | -  | -  | -  |
|     rB_16bit_p2_reg     | Latch |  16   |  Y  | N  | N  | N  | -  | -  | -  |
| amt_to_shift_16b_p2_reg | Latch |   4   |  Y  | N  | N  | N  | -  | -  | -  |
|     rA_16bit_p2_reg     | Latch |  16   |  Y  | N  | N  | N  | -  | -  | -  |
|     rB_16bit_p4_reg     | Latch |  16   |  Y  | N  | N  | N  | -  | -  | -  |
|     rB_8bit_p5_reg      | Latch |   8   |  Y  | N  | N  | N  | -  | -  | -  |
|     rA_32bit_p1_reg     | Latch |  32   |  Y  | N  | N  | N  | -  | -  | -  |
|     rA_8bit_p5_reg      | Latch |   8   |  Y  | N  | N  | N  | -  | -  | -  |
|     rB_32bit_p1_reg     | Latch |  32   |  Y  | N  | N  | N  | -  | -  | -  |
|     rB_8bit_p4_reg      | Latch |   8   |  Y  | N  | N  | N  | -  | -  | -  |
|     rA_8bit_p4_reg      | Latch |   8   |  Y  | N  | N  | N  | -  | -  | -  |
|     rB_8bit_p3_reg      | Latch |   8   |  Y  | N  | N  | N  | -  | -  | -  |
| amt_to_shift_8b_p8_reg  | Latch |   3   |  Y  | N  | N  | N  | -  | -  | -  |
| amt_to_shift_8b_p7_reg  | Latch |   3   |  Y  | N  | N  | N  | -  | -  | -  |
| amt_to_shift_8b_p6_reg  | Latch |   3   |  Y  | N  | N  | N  | -  | -  | -  |
| amt_to_shift_8b_p5_reg  | Latch |   3   |  Y  | N  | N  | N  | -  | -  | -  |
| amt_to_shift_8b_p4_reg  | Latch |   3   |  Y  | N  | N  | N  | -  | -  | -  |
| amt_to_shift_8b_p3_reg  | Latch |   3   |  Y  | N  | N  | N  | -  | -  | -  |
| amt_to_shift_8b_p2_reg  | Latch |   3   |  Y  | N  | N  | N  | -  | -  | -  |
| amt_to_shift_8b_p1_reg  | Latch |   3   |  Y  | N  | N  | N  | -  | -  | -  |
|    amt_to_shift_reg     | Latch |   6   |  Y  | N  | N  | N  | -  | -  | -  |
===============================================================================
Presto compilation completed successfully.
Current design is now '/home/viterbi/07/shivbhak/EE577b/proj-phase2/ALU/src/DW01_add.db:DW01_add'
Warning:  File /home/viterbi/07/shivbhak/EE577b/proj-phase2/ALU/DW01_add-verilog.pvl not found, or does not contain a usable description of DW01_add. (ELAB-320)
Warning:  File /home/viterbi/07/shivbhak/EE577b/proj-phase2/ALU/DW01_add-verilog.pvl not found, or does not contain a usable description of DW01_add. (ELAB-320)
Warning:  File /home/viterbi/07/shivbhak/EE577b/proj-phase2/ALU/DW01_add-verilog.pvl not found, or does not contain a usable description of DW01_add. (ELAB-320)
Warning:  File /home/viterbi/07/shivbhak/EE577b/proj-phase2/ALU/DW01_add-verilog.pvl not found, or does not contain a usable description of DW01_add. (ELAB-320)
Warning:  File /home/viterbi/07/shivbhak/EE577b/proj-phase2/ALU/DW02_mult-verilog.pvl not found, or does not contain a usable description of DW02_mult. (ELAB-320)
Warning:  File /home/viterbi/07/shivbhak/EE577b/proj-phase2/ALU/DW02_mult-verilog.pvl not found, or does not contain a usable description of DW02_mult. (ELAB-320)
Warning:  File /home/viterbi/07/shivbhak/EE577b/proj-phase2/ALU/DW02_mult-verilog.pvl not found, or does not contain a usable description of DW02_mult. (ELAB-320)
Warning:  File /home/viterbi/07/shivbhak/EE577b/proj-phase2/ALU/DW_sqrt-verilog.pvl not found, or does not contain a usable description of DW_sqrt. (ELAB-320)
Warning:  File /home/viterbi/07/shivbhak/EE577b/proj-phase2/ALU/DW_sqrt-verilog.pvl not found, or does not contain a usable description of DW_sqrt. (ELAB-320)
Warning:  File /home/viterbi/07/shivbhak/EE577b/proj-phase2/ALU/DW_sqrt-verilog.pvl not found, or does not contain a usable description of DW_sqrt. (ELAB-320)
Warning:  File /home/viterbi/07/shivbhak/EE577b/proj-phase2/ALU/DW_sqrt-verilog.pvl not found, or does not contain a usable description of DW_sqrt. (ELAB-320)
Warning:  File /home/viterbi/07/shivbhak/EE577b/proj-phase2/ALU/DW_shifter-verilog.pvl not found, or does not contain a usable description of DW_shifter. (ELAB-320)
Warning:  File /home/viterbi/07/shivbhak/EE577b/proj-phase2/ALU/DW_shifter-verilog.pvl not found, or does not contain a usable description of DW_shifter. (ELAB-320)
Warning:  File /home/viterbi/07/shivbhak/EE577b/proj-phase2/ALU/DW_shifter-verilog.pvl not found, or does not contain a usable description of DW_shifter. (ELAB-320)
Warning:  File /home/viterbi/07/shivbhak/EE577b/proj-phase2/ALU/DW_shifter-verilog.pvl not found, or does not contain a usable description of DW_shifter. (ELAB-320)
Loaded 5 designs.
Current design is 'DW01_add'.
DW01_add DW02_mult DW_sqrt DW_shifter ALU
analyze -format verilog /usr/local/synopsys/Design_Compiler/K-2015.06-SP5-5/dw/sim_ver/DW_sqrt.v
Running PRESTO HDLC
Compiling source file /usr/local/synopsys/Design_Compiler/K-2015.06-SP5-5/dw/sim_ver/DW_sqrt.v
Opening include file /usr/local/synopsys/Design_Compiler/K-2015.06-SP5-5/dw/sim_ver/DW_sqrt_function.inc
Warning:  /usr/local/synopsys/Design_Compiler/K-2015.06-SP5-5/dw/sim_ver/DW_sqrt_function.inc:40: Function 'DWF_sqrt_uns' with non-empty body is mapped to 'SQRT_UNS_OP'; body will be ignored. (VER-136)
Warning:  /usr/local/synopsys/Design_Compiler/K-2015.06-SP5-5/dw/sim_ver/DW_sqrt_function.inc:72: Function 'DWF_sqrt_tc' with non-empty body is mapped to 'SQRT_TC_OP'; body will be ignored. (VER-136)
Warning:  /usr/local/synopsys/Design_Compiler/K-2015.06-SP5-5/dw/sim_ver/DW_sqrt.v:72: The statements in initial blocks are ignored. (VER-281)
Presto compilation completed successfully.
1
elaborate DW_sqrt
Running PRESTO HDLC
Presto compilation completed successfully.
Elaborated 1 design.
Current design is now 'DW_sqrt'.
1
analyze -format verilog /usr/local/synopsys/Design_Compiler/K-2015.06-SP5-5/dw/sim_ver/DW01_add.v
Running PRESTO HDLC
Compiling source file /usr/local/synopsys/Design_Compiler/K-2015.06-SP5-5/dw/sim_ver/DW01_add.v
Presto compilation completed successfully.
1
elaborate DW01_add
Running PRESTO HDLC
Presto compilation completed successfully.
Elaborated 1 design.
Current design is now 'DW01_add'.
1
analyze -format verilog /usr/local/synopsys/Design_Compiler/K-2015.06-SP5-5/dw/sim_ver/DW02_mult.v
Running PRESTO HDLC
Compiling source file /usr/local/synopsys/Design_Compiler/K-2015.06-SP5-5/dw/sim_ver/DW02_mult.v
Presto compilation completed successfully.
1
elaborate DW02_mult
Running PRESTO HDLC
Presto compilation completed successfully.
Elaborated 1 design.
Current design is now 'DW02_mult'.
1
analyze -format verilog /usr/local/synopsys/Design_Compiler/K-2015.06-SP5-5/dw/sim_ver/DW_div.v
Running PRESTO HDLC
Compiling source file /usr/local/synopsys/Design_Compiler/K-2015.06-SP5-5/dw/sim_ver/DW_div.v
Opening include file /usr/local/synopsys/Design_Compiler/K-2015.06-SP5-5/dw/sim_ver/DW_div_function.inc
Warning:  /usr/local/synopsys/Design_Compiler/K-2015.06-SP5-5/dw/sim_ver/DW_div_function.inc:53: Function 'DWF_div_uns' with non-empty body is mapped to 'DIV_UNS_OP'; body will be ignored. (VER-136)
Warning:  /usr/local/synopsys/Design_Compiler/K-2015.06-SP5-5/dw/sim_ver/DW_div_function.inc:90: Function 'DWF_div_tc' with non-empty body is mapped to 'DIV_TC_OP'; body will be ignored. (VER-136)
Warning:  /usr/local/synopsys/Design_Compiler/K-2015.06-SP5-5/dw/sim_ver/DW_div_function.inc:138: Function 'DWF_rem_uns' with non-empty body is mapped to 'REM_UNS_OP'; body will be ignored. (VER-136)
Warning:  /usr/local/synopsys/Design_Compiler/K-2015.06-SP5-5/dw/sim_ver/DW_div_function.inc:174: Function 'DWF_rem_tc' with non-empty body is mapped to 'REM_TC_OP'; body will be ignored. (VER-136)
Warning:  /usr/local/synopsys/Design_Compiler/K-2015.06-SP5-5/dw/sim_ver/DW_div_function.inc:220: Function 'DWF_mod_uns' with non-empty body is mapped to 'MOD_UNS_OP'; body will be ignored. (VER-136)
Warning:  /usr/local/synopsys/Design_Compiler/K-2015.06-SP5-5/dw/sim_ver/DW_div_function.inc:256: Function 'DWF_mod_tc' with non-empty body is mapped to 'MOD_TC_OP'; body will be ignored. (VER-136)
Warning:  /usr/local/synopsys/Design_Compiler/K-2015.06-SP5-5/dw/sim_ver/DW_div.v:104: The statements in initial blocks are ignored. (VER-281)
Presto compilation completed successfully.
1
elaborate DW_div
Running PRESTO HDLC
Presto compilation completed successfully.
Elaborated 1 design.
Current design is now 'DW_div'.
1
analyze -format verilog /usr/local/synopsys/Design_Compiler/K-2015.06-SP5-5/dw/sim_ver/DW_shifter.v
Running PRESTO HDLC
Compiling source file /usr/local/synopsys/Design_Compiler/K-2015.06-SP5-5/dw/sim_ver/DW_shifter.v
Opening include file /usr/local/synopsys/Design_Compiler/K-2015.06-SP5-5/dw/sim_ver/DW_shifter_function.inc
Warning:  /usr/local/synopsys/Design_Compiler/K-2015.06-SP5-5/dw/sim_ver/DW_shifter_function.inc:32: Function 'DWF_shifter_uns_uns' with non-empty body is mapped to 'SHIFTER_UNS_UNS_OP'; body will be ignored. (VER-136)
Warning:  /usr/local/synopsys/Design_Compiler/K-2015.06-SP5-5/dw/sim_ver/DW_shifter_function.inc:58: Function 'DWF_shifter_tc_uns' with non-empty body is mapped to 'SHIFTER_TC_UNS_OP'; body will be ignored. (VER-136)
Warning:  /usr/local/synopsys/Design_Compiler/K-2015.06-SP5-5/dw/sim_ver/DW_shifter_function.inc:84: Function 'DWF_shifter_uns_tc' with non-empty body is mapped to 'SHIFTER_UNS_TC_OP'; body will be ignored. (VER-136)
Warning:  /usr/local/synopsys/Design_Compiler/K-2015.06-SP5-5/dw/sim_ver/DW_shifter_function.inc:125: Function 'DWF_shifter_tc_tc' with non-empty body is mapped to 'SHIFTER_TC_TC_OP'; body will be ignored. (VER-136)
Presto compilation completed successfully.
1
elaborate DW_shifter
Running PRESTO HDLC
Warning:  /usr/local/synopsys/Design_Compiler/K-2015.06-SP5-5/dw/sim_ver/DW_shifter_function.inc:190: signed to unsigned conversion occurs. (VER-318)
Warning:  /usr/local/synopsys/Design_Compiler/K-2015.06-SP5-5/dw/sim_ver/DW_shifter_function.inc:194: signed to unsigned conversion occurs. (VER-318)
Warning:  /usr/local/synopsys/Design_Compiler/K-2015.06-SP5-5/dw/sim_ver/DW_shifter_function.inc:195: signed to unsigned conversion occurs. (VER-318)
Warning:  /usr/local/synopsys/Design_Compiler/K-2015.06-SP5-5/dw/sim_ver/DW_shifter_function.inc:220: signed to unsigned conversion occurs. (VER-318)
Warning:  /usr/local/synopsys/Design_Compiler/K-2015.06-SP5-5/dw/sim_ver/DW_shifter_function.inc:226: signed to unsigned conversion occurs. (VER-318)
Warning:  /usr/local/synopsys/Design_Compiler/K-2015.06-SP5-5/dw/sim_ver/DW_shifter_function.inc:232: signed to unsigned conversion occurs. (VER-318)
Warning:  /usr/local/synopsys/Design_Compiler/K-2015.06-SP5-5/dw/sim_ver/DW_shifter_function.inc:233: signed to unsigned conversion occurs. (VER-318)
Warning:  /usr/local/synopsys/Design_Compiler/K-2015.06-SP5-5/dw/sim_ver/DW_shifter_function.inc:238: signed to unsigned conversion occurs. (VER-318)
Warning:  /usr/local/synopsys/Design_Compiler/K-2015.06-SP5-5/dw/sim_ver/DW_shifter_function.inc:239: signed to unsigned conversion occurs. (VER-318)
Warning:  /usr/local/synopsys/Design_Compiler/K-2015.06-SP5-5/dw/sim_ver/DW_shifter_function.inc:261: signed to unsigned conversion occurs. (VER-318)
Warning:  /usr/local/synopsys/Design_Compiler/K-2015.06-SP5-5/dw/sim_ver/DW_shifter_function.inc:265: signed to unsigned conversion occurs. (VER-318)
Warning:  /usr/local/synopsys/Design_Compiler/K-2015.06-SP5-5/dw/sim_ver/DW_shifter_function.inc:266: signed to unsigned conversion occurs. (VER-318)
Warning:  /usr/local/synopsys/Design_Compiler/K-2015.06-SP5-5/dw/sim_ver/DW_shifter_function.inc:291: signed to unsigned conversion occurs. (VER-318)
Warning:  /usr/local/synopsys/Design_Compiler/K-2015.06-SP5-5/dw/sim_ver/DW_shifter_function.inc:298: signed to unsigned conversion occurs. (VER-318)
Warning:  /usr/local/synopsys/Design_Compiler/K-2015.06-SP5-5/dw/sim_ver/DW_shifter_function.inc:304: signed to unsigned conversion occurs. (VER-318)
Warning:  /usr/local/synopsys/Design_Compiler/K-2015.06-SP5-5/dw/sim_ver/DW_shifter_function.inc:305: signed to unsigned conversion occurs. (VER-318)
Warning:  /usr/local/synopsys/Design_Compiler/K-2015.06-SP5-5/dw/sim_ver/DW_shifter_function.inc:310: signed to unsigned conversion occurs. (VER-318)
Warning:  /usr/local/synopsys/Design_Compiler/K-2015.06-SP5-5/dw/sim_ver/DW_shifter_function.inc:311: signed to unsigned conversion occurs. (VER-318)
Presto compilation completed successfully.
Elaborated 1 design.
Current design is now 'DW_shifter'.
1
# Setting $design_name as current working design.
# Use this command before setting any constraints.
current_design $design_name ;
Current design is 'ALU'.
{ALU}
# If you have multiple instances of the same module,
# use this so that DesignCompiler optimizes each instance separately.
uniquify ;
Error: Width mismatch on port 'sh' of reference to 'DW_shifter' in 'refs'. (LINK-3)
Information: Building the design 'DW_shifter' instantiated from design 'ALU' with
        the parameters "data_width=8,sh_width=3,inv_mode=2". (HDL-193)
Warning:  /usr/local/synopsys/Design_Compiler/K-2015.06-SP5-5/dw/sim_ver/DW_shifter_function.inc:190: signed to unsigned conversion occurs. (VER-318)
Warning:  /usr/local/synopsys/Design_Compiler/K-2015.06-SP5-5/dw/sim_ver/DW_shifter_function.inc:194: signed to unsigned conversion occurs. (VER-318)
Warning:  /usr/local/synopsys/Design_Compiler/K-2015.06-SP5-5/dw/sim_ver/DW_shifter_function.inc:195: signed to unsigned conversion occurs. (VER-318)
Warning:  /usr/local/synopsys/Design_Compiler/K-2015.06-SP5-5/dw/sim_ver/DW_shifter_function.inc:220: signed to unsigned conversion occurs. (VER-318)
Warning:  /usr/local/synopsys/Design_Compiler/K-2015.06-SP5-5/dw/sim_ver/DW_shifter_function.inc:226: signed to unsigned conversion occurs. (VER-318)
Warning:  /usr/local/synopsys/Design_Compiler/K-2015.06-SP5-5/dw/sim_ver/DW_shifter_function.inc:232: signed to unsigned conversion occurs. (VER-318)
Warning:  /usr/local/synopsys/Design_Compiler/K-2015.06-SP5-5/dw/sim_ver/DW_shifter_function.inc:233: signed to unsigned conversion occurs. (VER-318)
Warning:  /usr/local/synopsys/Design_Compiler/K-2015.06-SP5-5/dw/sim_ver/DW_shifter_function.inc:238: signed to unsigned conversion occurs. (VER-318)
Warning:  /usr/local/synopsys/Design_Compiler/K-2015.06-SP5-5/dw/sim_ver/DW_shifter_function.inc:239: signed to unsigned conversion occurs. (VER-318)
Warning:  /usr/local/synopsys/Design_Compiler/K-2015.06-SP5-5/dw/sim_ver/DW_shifter_function.inc:261: signed to unsigned conversion occurs. (VER-318)
Warning:  /usr/local/synopsys/Design_Compiler/K-2015.06-SP5-5/dw/sim_ver/DW_shifter_function.inc:265: signed to unsigned conversion occurs. (VER-318)
Warning:  /usr/local/synopsys/Design_Compiler/K-2015.06-SP5-5/dw/sim_ver/DW_shifter_function.inc:266: signed to unsigned conversion occurs. (VER-318)
Warning:  /usr/local/synopsys/Design_Compiler/K-2015.06-SP5-5/dw/sim_ver/DW_shifter_function.inc:291: signed to unsigned conversion occurs. (VER-318)
Warning:  /usr/local/synopsys/Design_Compiler/K-2015.06-SP5-5/dw/sim_ver/DW_shifter_function.inc:298: signed to unsigned conversion occurs. (VER-318)
Warning:  /usr/local/synopsys/Design_Compiler/K-2015.06-SP5-5/dw/sim_ver/DW_shifter_function.inc:304: signed to unsigned conversion occurs. (VER-318)
Warning:  /usr/local/synopsys/Design_Compiler/K-2015.06-SP5-5/dw/sim_ver/DW_shifter_function.inc:305: signed to unsigned conversion occurs. (VER-318)
Warning:  /usr/local/synopsys/Design_Compiler/K-2015.06-SP5-5/dw/sim_ver/DW_shifter_function.inc:310: signed to unsigned conversion occurs. (VER-318)
Warning:  /usr/local/synopsys/Design_Compiler/K-2015.06-SP5-5/dw/sim_ver/DW_shifter_function.inc:311: signed to unsigned conversion occurs. (VER-318)
Presto compilation completed successfully.
Error: Width mismatch on port 'sh' of reference to 'DW_shifter' in 'ALU'. (LINK-3)
Error: Unable to match ports of cell dwshift1 ('DW_shifter') to 'DW_shifter_data_width8_sh_width3_inv_mode2'. (LINK-25)
Error: Width mismatch on port 'sh' of reference to 'DW_shifter' in 'ALU'. (LINK-3)
Error: Unable to match ports of cell dwshift2 ('DW_shifter') to 'DW_shifter_data_width8_sh_width3_inv_mode2'. (LINK-25)
Error: Width mismatch on port 'sh' of reference to 'DW_shifter' in 'ALU'. (LINK-3)
Error: Unable to match ports of cell dwshift3 ('DW_shifter') to 'DW_shifter_data_width8_sh_width3_inv_mode2'. (LINK-25)
Error: Width mismatch on port 'sh' of reference to 'DW_shifter' in 'ALU'. (LINK-3)
Error: Unable to match ports of cell dwshift4 ('DW_shifter') to 'DW_shifter_data_width8_sh_width3_inv_mode2'. (LINK-25)
Error: Width mismatch on port 'sh' of reference to 'DW_shifter' in 'ALU'. (LINK-3)
Error: Unable to match ports of cell dwshift5 ('DW_shifter') to 'DW_shifter_data_width8_sh_width3_inv_mode2'. (LINK-25)
Error: Width mismatch on port 'sh' of reference to 'DW_shifter' in 'ALU'. (LINK-3)
Error: Unable to match ports of cell dwshift6 ('DW_shifter') to 'DW_shifter_data_width8_sh_width3_inv_mode2'. (LINK-25)
Error: Width mismatch on port 'sh' of reference to 'DW_shifter' in 'ALU'. (LINK-3)
Error: Unable to match ports of cell dwshift7 ('DW_shifter') to 'DW_shifter_data_width8_sh_width3_inv_mode2'. (LINK-25)
Error: Width mismatch on port 'sh' of reference to 'DW_shifter' in 'ALU'. (LINK-3)
Error: Unable to match ports of cell dwshift8 ('DW_shifter') to 'DW_shifter_data_width8_sh_width3_inv_mode2'. (LINK-25)
Error: Width mismatch on port 'sh' of reference to 'DW_shifter' in 'refs'. (LINK-3)
Information: Building the design 'DW_shifter' instantiated from design 'ALU' with
        the parameters "data_width=16,sh_width=4,inv_mode=2". (HDL-193)
Warning:  /usr/local/synopsys/Design_Compiler/K-2015.06-SP5-5/dw/sim_ver/DW_shifter_function.inc:190: signed to unsigned conversion occurs. (VER-318)
Warning:  /usr/local/synopsys/Design_Compiler/K-2015.06-SP5-5/dw/sim_ver/DW_shifter_function.inc:194: signed to unsigned conversion occurs. (VER-318)
Warning:  /usr/local/synopsys/Design_Compiler/K-2015.06-SP5-5/dw/sim_ver/DW_shifter_function.inc:195: signed to unsigned conversion occurs. (VER-318)
Warning:  /usr/local/synopsys/Design_Compiler/K-2015.06-SP5-5/dw/sim_ver/DW_shifter_function.inc:220: signed to unsigned conversion occurs. (VER-318)
Warning:  /usr/local/synopsys/Design_Compiler/K-2015.06-SP5-5/dw/sim_ver/DW_shifter_function.inc:226: signed to unsigned conversion occurs. (VER-318)
Warning:  /usr/local/synopsys/Design_Compiler/K-2015.06-SP5-5/dw/sim_ver/DW_shifter_function.inc:232: signed to unsigned conversion occurs. (VER-318)
Warning:  /usr/local/synopsys/Design_Compiler/K-2015.06-SP5-5/dw/sim_ver/DW_shifter_function.inc:233: signed to unsigned conversion occurs. (VER-318)
Warning:  /usr/local/synopsys/Design_Compiler/K-2015.06-SP5-5/dw/sim_ver/DW_shifter_function.inc:238: signed to unsigned conversion occurs. (VER-318)
Warning:  /usr/local/synopsys/Design_Compiler/K-2015.06-SP5-5/dw/sim_ver/DW_shifter_function.inc:239: signed to unsigned conversion occurs. (VER-318)
Warning:  /usr/local/synopsys/Design_Compiler/K-2015.06-SP5-5/dw/sim_ver/DW_shifter_function.inc:261: signed to unsigned conversion occurs. (VER-318)
Warning:  /usr/local/synopsys/Design_Compiler/K-2015.06-SP5-5/dw/sim_ver/DW_shifter_function.inc:265: signed to unsigned conversion occurs. (VER-318)
Warning:  /usr/local/synopsys/Design_Compiler/K-2015.06-SP5-5/dw/sim_ver/DW_shifter_function.inc:266: signed to unsigned conversion occurs. (VER-318)
Warning:  /usr/local/synopsys/Design_Compiler/K-2015.06-SP5-5/dw/sim_ver/DW_shifter_function.inc:291: signed to unsigned conversion occurs. (VER-318)
Warning:  /usr/local/synopsys/Design_Compiler/K-2015.06-SP5-5/dw/sim_ver/DW_shifter_function.inc:298: signed to unsigned conversion occurs. (VER-318)
Warning:  /usr/local/synopsys/Design_Compiler/K-2015.06-SP5-5/dw/sim_ver/DW_shifter_function.inc:304: signed to unsigned conversion occurs. (VER-318)
Warning:  /usr/local/synopsys/Design_Compiler/K-2015.06-SP5-5/dw/sim_ver/DW_shifter_function.inc:305: signed to unsigned conversion occurs. (VER-318)
Warning:  /usr/local/synopsys/Design_Compiler/K-2015.06-SP5-5/dw/sim_ver/DW_shifter_function.inc:310: signed to unsigned conversion occurs. (VER-318)
Warning:  /usr/local/synopsys/Design_Compiler/K-2015.06-SP5-5/dw/sim_ver/DW_shifter_function.inc:311: signed to unsigned conversion occurs. (VER-318)
Presto compilation completed successfully.
Error: Width mismatch on port 'sh' of reference to 'DW_shifter' in 'ALU'. (LINK-3)
Error: Unable to match ports of cell dwshift9 ('DW_shifter') to 'DW_shifter_data_width16_sh_width4_inv_mode2'. (LINK-25)
Error: Width mismatch on port 'sh' of reference to 'DW_shifter' in 'ALU'. (LINK-3)
Error: Unable to match ports of cell dwshift10 ('DW_shifter') to 'DW_shifter_data_width16_sh_width4_inv_mode2'. (LINK-25)
Error: Width mismatch on port 'sh' of reference to 'DW_shifter' in 'ALU'. (LINK-3)
Error: Unable to match ports of cell dwshift11 ('DW_shifter') to 'DW_shifter_data_width16_sh_width4_inv_mode2'. (LINK-25)
Error: Width mismatch on port 'sh' of reference to 'DW_shifter' in 'ALU'. (LINK-3)
Error: Unable to match ports of cell dwshift12 ('DW_shifter') to 'DW_shifter_data_width16_sh_width4_inv_mode2'. (LINK-25)
Error: Width mismatch on port 'sh' of reference to 'DW_shifter' in 'refs'. (LINK-3)
Information: Building the design 'DW_shifter' instantiated from design 'ALU' with
        the parameters "data_width=32,sh_width=5,inv_mode=2". (HDL-193)
Warning:  /usr/local/synopsys/Design_Compiler/K-2015.06-SP5-5/dw/sim_ver/DW_shifter_function.inc:190: signed to unsigned conversion occurs. (VER-318)
Warning:  /usr/local/synopsys/Design_Compiler/K-2015.06-SP5-5/dw/sim_ver/DW_shifter_function.inc:194: signed to unsigned conversion occurs. (VER-318)
Warning:  /usr/local/synopsys/Design_Compiler/K-2015.06-SP5-5/dw/sim_ver/DW_shifter_function.inc:195: signed to unsigned conversion occurs. (VER-318)
Warning:  /usr/local/synopsys/Design_Compiler/K-2015.06-SP5-5/dw/sim_ver/DW_shifter_function.inc:220: signed to unsigned conversion occurs. (VER-318)
Warning:  /usr/local/synopsys/Design_Compiler/K-2015.06-SP5-5/dw/sim_ver/DW_shifter_function.inc:226: signed to unsigned conversion occurs. (VER-318)
Warning:  /usr/local/synopsys/Design_Compiler/K-2015.06-SP5-5/dw/sim_ver/DW_shifter_function.inc:232: signed to unsigned conversion occurs. (VER-318)
Warning:  /usr/local/synopsys/Design_Compiler/K-2015.06-SP5-5/dw/sim_ver/DW_shifter_function.inc:233: signed to unsigned conversion occurs. (VER-318)
Warning:  /usr/local/synopsys/Design_Compiler/K-2015.06-SP5-5/dw/sim_ver/DW_shifter_function.inc:238: signed to unsigned conversion occurs. (VER-318)
Warning:  /usr/local/synopsys/Design_Compiler/K-2015.06-SP5-5/dw/sim_ver/DW_shifter_function.inc:239: signed to unsigned conversion occurs. (VER-318)
Warning:  /usr/local/synopsys/Design_Compiler/K-2015.06-SP5-5/dw/sim_ver/DW_shifter_function.inc:261: signed to unsigned conversion occurs. (VER-318)
Warning:  /usr/local/synopsys/Design_Compiler/K-2015.06-SP5-5/dw/sim_ver/DW_shifter_function.inc:265: signed to unsigned conversion occurs. (VER-318)
Warning:  /usr/local/synopsys/Design_Compiler/K-2015.06-SP5-5/dw/sim_ver/DW_shifter_function.inc:266: signed to unsigned conversion occurs. (VER-318)
Warning:  /usr/local/synopsys/Design_Compiler/K-2015.06-SP5-5/dw/sim_ver/DW_shifter_function.inc:291: signed to unsigned conversion occurs. (VER-318)
Warning:  /usr/local/synopsys/Design_Compiler/K-2015.06-SP5-5/dw/sim_ver/DW_shifter_function.inc:298: signed to unsigned conversion occurs. (VER-318)
Warning:  /usr/local/synopsys/Design_Compiler/K-2015.06-SP5-5/dw/sim_ver/DW_shifter_function.inc:304: signed to unsigned conversion occurs. (VER-318)
Warning:  /usr/local/synopsys/Design_Compiler/K-2015.06-SP5-5/dw/sim_ver/DW_shifter_function.inc:305: signed to unsigned conversion occurs. (VER-318)
Warning:  /usr/local/synopsys/Design_Compiler/K-2015.06-SP5-5/dw/sim_ver/DW_shifter_function.inc:310: signed to unsigned conversion occurs. (VER-318)
Warning:  /usr/local/synopsys/Design_Compiler/K-2015.06-SP5-5/dw/sim_ver/DW_shifter_function.inc:311: signed to unsigned conversion occurs. (VER-318)
Presto compilation completed successfully.
Error: Width mismatch on port 'sh' of reference to 'DW_shifter' in 'ALU'. (LINK-3)
Error: Unable to match ports of cell dwshift13 ('DW_shifter') to 'DW_shifter_data_width32_sh_width5_inv_mode2'. (LINK-25)
Error: Width mismatch on port 'sh' of reference to 'DW_shifter' in 'ALU'. (LINK-3)
Error: Unable to match ports of cell dwshift14 ('DW_shifter') to 'DW_shifter_data_width32_sh_width5_inv_mode2'. (LINK-25)
Error: Width mismatch on port 'sh' of reference to 'DW_shifter' in 'refs'. (LINK-3)
Information: Building the design 'DW_shifter' instantiated from design 'ALU' with
        the parameters "data_width=64,sh_width=6,inv_mode=2". (HDL-193)
Warning:  /usr/local/synopsys/Design_Compiler/K-2015.06-SP5-5/dw/sim_ver/DW_shifter_function.inc:190: signed to unsigned conversion occurs. (VER-318)
Warning:  /usr/local/synopsys/Design_Compiler/K-2015.06-SP5-5/dw/sim_ver/DW_shifter_function.inc:194: signed to unsigned conversion occurs. (VER-318)
Warning:  /usr/local/synopsys/Design_Compiler/K-2015.06-SP5-5/dw/sim_ver/DW_shifter_function.inc:195: signed to unsigned conversion occurs. (VER-318)
Warning:  /usr/local/synopsys/Design_Compiler/K-2015.06-SP5-5/dw/sim_ver/DW_shifter_function.inc:220: signed to unsigned conversion occurs. (VER-318)
Warning:  /usr/local/synopsys/Design_Compiler/K-2015.06-SP5-5/dw/sim_ver/DW_shifter_function.inc:226: signed to unsigned conversion occurs. (VER-318)
Warning:  /usr/local/synopsys/Design_Compiler/K-2015.06-SP5-5/dw/sim_ver/DW_shifter_function.inc:232: signed to unsigned conversion occurs. (VER-318)
Warning:  /usr/local/synopsys/Design_Compiler/K-2015.06-SP5-5/dw/sim_ver/DW_shifter_function.inc:233: signed to unsigned conversion occurs. (VER-318)
Warning:  /usr/local/synopsys/Design_Compiler/K-2015.06-SP5-5/dw/sim_ver/DW_shifter_function.inc:238: signed to unsigned conversion occurs. (VER-318)
Warning:  /usr/local/synopsys/Design_Compiler/K-2015.06-SP5-5/dw/sim_ver/DW_shifter_function.inc:239: signed to unsigned conversion occurs. (VER-318)
Warning:  /usr/local/synopsys/Design_Compiler/K-2015.06-SP5-5/dw/sim_ver/DW_shifter_function.inc:261: signed to unsigned conversion occurs. (VER-318)
Warning:  /usr/local/synopsys/Design_Compiler/K-2015.06-SP5-5/dw/sim_ver/DW_shifter_function.inc:265: signed to unsigned conversion occurs. (VER-318)
Warning:  /usr/local/synopsys/Design_Compiler/K-2015.06-SP5-5/dw/sim_ver/DW_shifter_function.inc:266: signed to unsigned conversion occurs. (VER-318)
Warning:  /usr/local/synopsys/Design_Compiler/K-2015.06-SP5-5/dw/sim_ver/DW_shifter_function.inc:291: signed to unsigned conversion occurs. (VER-318)
Warning:  /usr/local/synopsys/Design_Compiler/K-2015.06-SP5-5/dw/sim_ver/DW_shifter_function.inc:298: signed to unsigned conversion occurs. (VER-318)
Warning:  /usr/local/synopsys/Design_Compiler/K-2015.06-SP5-5/dw/sim_ver/DW_shifter_function.inc:304: signed to unsigned conversion occurs. (VER-318)
Warning:  /usr/local/synopsys/Design_Compiler/K-2015.06-SP5-5/dw/sim_ver/DW_shifter_function.inc:305: signed to unsigned conversion occurs. (VER-318)
Warning:  /usr/local/synopsys/Design_Compiler/K-2015.06-SP5-5/dw/sim_ver/DW_shifter_function.inc:310: signed to unsigned conversion occurs. (VER-318)
Warning:  /usr/local/synopsys/Design_Compiler/K-2015.06-SP5-5/dw/sim_ver/DW_shifter_function.inc:311: signed to unsigned conversion occurs. (VER-318)
Presto compilation completed successfully.
Error: Width mismatch on port 'sh' of reference to 'DW_shifter' in 'ALU'. (LINK-3)
Error: Unable to match ports of cell dwshift15 ('DW_shifter') to 'DW_shifter_data_width64_sh_width6_inv_mode2'. (LINK-25)
1
# Linking your design into the cells in standard cell libraries.
# This command checks whether your design can be compiled
link ;

  Linking design 'ALU'
  Using the following designs and libraries:
  --------------------------------------------------------------------------
  * (14 designs)              /home/viterbi/07/shivbhak/EE577b/proj-phase2/ALU/src/ALU.db, etc
  gscl45nm (library)          /home/scf-22/ee577/NCSU45PDK/FreePDK45/osu_soc/lib/files/gscl45nm.db
  dw_foundation.sldb (library) /usr/local/synopsys/Design_Compiler/default/libraries/syn/dw_foundation.sldb

Error: Width mismatch on port 'sh' of reference to 'DW_shifter' in 'ALU'. (LINK-3)
Error: Unable to match ports of cell dwshift1 ('DW_shifter') to 'DW_shifter_data_width8_sh_width3_inv_mode2'. (LINK-25)
Error: Width mismatch on port 'sh' of reference to 'DW_shifter' in 'ALU'. (LINK-3)
Error: Unable to match ports of cell dwshift2 ('DW_shifter') to 'DW_shifter_data_width8_sh_width3_inv_mode2'. (LINK-25)
Error: Width mismatch on port 'sh' of reference to 'DW_shifter' in 'ALU'. (LINK-3)
Error: Unable to match ports of cell dwshift3 ('DW_shifter') to 'DW_shifter_data_width8_sh_width3_inv_mode2'. (LINK-25)
Error: Width mismatch on port 'sh' of reference to 'DW_shifter' in 'ALU'. (LINK-3)
Error: Unable to match ports of cell dwshift4 ('DW_shifter') to 'DW_shifter_data_width8_sh_width3_inv_mode2'. (LINK-25)
Error: Width mismatch on port 'sh' of reference to 'DW_shifter' in 'ALU'. (LINK-3)
Error: Unable to match ports of cell dwshift5 ('DW_shifter') to 'DW_shifter_data_width8_sh_width3_inv_mode2'. (LINK-25)
Error: Width mismatch on port 'sh' of reference to 'DW_shifter' in 'ALU'. (LINK-3)
Error: Unable to match ports of cell dwshift6 ('DW_shifter') to 'DW_shifter_data_width8_sh_width3_inv_mode2'. (LINK-25)
Error: Width mismatch on port 'sh' of reference to 'DW_shifter' in 'ALU'. (LINK-3)
Error: Unable to match ports of cell dwshift7 ('DW_shifter') to 'DW_shifter_data_width8_sh_width3_inv_mode2'. (LINK-25)
Error: Width mismatch on port 'sh' of reference to 'DW_shifter' in 'ALU'. (LINK-3)
Error: Unable to match ports of cell dwshift8 ('DW_shifter') to 'DW_shifter_data_width8_sh_width3_inv_mode2'. (LINK-25)
Error: Width mismatch on port 'sh' of reference to 'DW_shifter' in 'ALU'. (LINK-3)
Error: Unable to match ports of cell dwshift9 ('DW_shifter') to 'DW_shifter_data_width16_sh_width4_inv_mode2'. (LINK-25)
Error: Width mismatch on port 'sh' of reference to 'DW_shifter' in 'ALU'. (LINK-3)
Error: Unable to match ports of cell dwshift10 ('DW_shifter') to 'DW_shifter_data_width16_sh_width4_inv_mode2'. (LINK-25)
Error: Width mismatch on port 'sh' of reference to 'DW_shifter' in 'ALU'. (LINK-3)
Error: Unable to match ports of cell dwshift11 ('DW_shifter') to 'DW_shifter_data_width16_sh_width4_inv_mode2'. (LINK-25)
Error: Width mismatch on port 'sh' of reference to 'DW_shifter' in 'ALU'. (LINK-3)
Error: Unable to match ports of cell dwshift12 ('DW_shifter') to 'DW_shifter_data_width16_sh_width4_inv_mode2'. (LINK-25)
Error: Width mismatch on port 'sh' of reference to 'DW_shifter' in 'ALU'. (LINK-3)
Error: Unable to match ports of cell dwshift13 ('DW_shifter') to 'DW_shifter_data_width32_sh_width5_inv_mode2'. (LINK-25)
Error: Width mismatch on port 'sh' of reference to 'DW_shifter' in 'ALU'. (LINK-3)
Error: Unable to match ports of cell dwshift14 ('DW_shifter') to 'DW_shifter_data_width32_sh_width5_inv_mode2'. (LINK-25)
Error: Width mismatch on port 'sh' of reference to 'DW_shifter' in 'ALU'. (LINK-3)
Error: Unable to match ports of cell dwshift15 ('DW_shifter') to 'DW_shifter_data_width64_sh_width6_inv_mode2'. (LINK-25)
0
# Create a clock with period of 5.
create_clock -name clk -period 5.0 -waveform [list 0 2.5] [get_ports clk]
Warning: Can't find port 'clk' in design 'ALU'. (UID-95)
Error: Value for list 'source_objects' must have 1 elements. (CMD-036)
0
# Setting timing constraints for combinational logic.
# Specifying maximum delay from inputs to outputs
set_max_delay 5.0 -to [all_outputs];
1
set_max_delay 5.0 -from [all_inputs];
1
# "check_design" checks the internal representation of the
# current design for consistency and issues error and
# warning messages as appropriate.
check_design > report/$design_name.check_design ;
# Perforing synthesis and optimization on the current_design.
compile ;
Information: Checking out the license 'DesignWare'. (SEC-104)
Information: Evaluating DesignWare library utilization. (UISN-27)

============================================================================
| DesignWare Building Block Library  |         Version         | Available |
============================================================================
| Basic DW Building Blocks           | K-2015.06-DWBB_201506.5.2
                                                               |     *     |
| Licensed DW Building Blocks        | K-2015.06-DWBB_201506.5.2
                                                               |     *     |
============================================================================


Information: There are 950 potential problems in your design. Please run 'check_design' for more information. (LINT-99)



  Beginning Pass 1 Mapping
  ------------------------
  Processing 'ALU'
Error: Width mismatch on port 'sh' of reference to 'DW_shifter' in 'ALU'. (LINK-3)
Error: Unable to match ports of cell dwshift1 ('DW_shifter') to 'DW_shifter_data_width8_sh_width3_inv_mode2'. (LINK-25)
Error: Width mismatch on port 'sh' of reference to 'DW_shifter' in 'ALU'. (LINK-3)
Error: Unable to match ports of cell dwshift2 ('DW_shifter') to 'DW_shifter_data_width8_sh_width3_inv_mode2'. (LINK-25)
Error: Width mismatch on port 'sh' of reference to 'DW_shifter' in 'ALU'. (LINK-3)
Error: Unable to match ports of cell dwshift3 ('DW_shifter') to 'DW_shifter_data_width8_sh_width3_inv_mode2'. (LINK-25)
Error: Width mismatch on port 'sh' of reference to 'DW_shifter' in 'ALU'. (LINK-3)
Error: Unable to match ports of cell dwshift4 ('DW_shifter') to 'DW_shifter_data_width8_sh_width3_inv_mode2'. (LINK-25)
Error: Width mismatch on port 'sh' of reference to 'DW_shifter' in 'ALU'. (LINK-3)
Error: Unable to match ports of cell dwshift5 ('DW_shifter') to 'DW_shifter_data_width8_sh_width3_inv_mode2'. (LINK-25)
Error: Width mismatch on port 'sh' of reference to 'DW_shifter' in 'ALU'. (LINK-3)
Error: Unable to match ports of cell dwshift6 ('DW_shifter') to 'DW_shifter_data_width8_sh_width3_inv_mode2'. (LINK-25)
Error: Width mismatch on port 'sh' of reference to 'DW_shifter' in 'ALU'. (LINK-3)
Error: Unable to match ports of cell dwshift7 ('DW_shifter') to 'DW_shifter_data_width8_sh_width3_inv_mode2'. (LINK-25)
Error: Width mismatch on port 'sh' of reference to 'DW_shifter' in 'ALU'. (LINK-3)
Error: Unable to match ports of cell dwshift8 ('DW_shifter') to 'DW_shifter_data_width8_sh_width3_inv_mode2'. (LINK-25)
Error: Width mismatch on port 'sh' of reference to 'DW_shifter' in 'ALU'. (LINK-3)
Error: Unable to match ports of cell dwshift9 ('DW_shifter') to 'DW_shifter_data_width16_sh_width4_inv_mode2'. (LINK-25)
Error: Width mismatch on port 'sh' of reference to 'DW_shifter' in 'ALU'. (LINK-3)
Error: Unable to match ports of cell dwshift10 ('DW_shifter') to 'DW_shifter_data_width16_sh_width4_inv_mode2'. (LINK-25)
Error: Width mismatch on port 'sh' of reference to 'DW_shifter' in 'ALU'. (LINK-3)
Error: Unable to match ports of cell dwshift11 ('DW_shifter') to 'DW_shifter_data_width16_sh_width4_inv_mode2'. (LINK-25)
Error: Width mismatch on port 'sh' of reference to 'DW_shifter' in 'ALU'. (LINK-3)
Error: Unable to match ports of cell dwshift12 ('DW_shifter') to 'DW_shifter_data_width16_sh_width4_inv_mode2'. (LINK-25)
Error: Width mismatch on port 'sh' of reference to 'DW_shifter' in 'ALU'. (LINK-3)
Error: Unable to match ports of cell dwshift13 ('DW_shifter') to 'DW_shifter_data_width32_sh_width5_inv_mode2'. (LINK-25)
Error: Width mismatch on port 'sh' of reference to 'DW_shifter' in 'ALU'. (LINK-3)
Error: Unable to match ports of cell dwshift14 ('DW_shifter') to 'DW_shifter_data_width32_sh_width5_inv_mode2'. (LINK-25)
Error: Width mismatch on port 'sh' of reference to 'DW_shifter' in 'ALU'. (LINK-3)
Error: Unable to match ports of cell dwshift15 ('DW_shifter') to 'DW_shifter_data_width64_sh_width6_inv_mode2'. (LINK-25)

  Updating timing information
Information: Updating design information... (UID-85)

  Beginning Implementation Selection
  ----------------------------------
  Processing 'ALU_DW_sqrt_0'
  Processing 'ALU_DW_sqrt_1'
  Processing 'ALU_DW_sqrt_2'
  Processing 'ALU_DW_sqrt_3'
  Processing 'ALU_DW_sqrt_4'
  Processing 'ALU_DW_sqrt_5'
  Processing 'ALU_DW_sqrt_6'
  Processing 'ALU_DW_sqrt_7'
  Processing 'ALU_DW_sqrt_8'
  Processing 'ALU_DW_sqrt_9'
  Processing 'ALU_DW_sqrt_10'
  Processing 'ALU_DW_sqrt_11'
  Processing 'ALU_DW_sqrt_12'
  Processing 'ALU_DW_sqrt_13'
  Processing 'ALU_DW_sqrt_14'
  Mapping 'ALU_DW02_mult_0'
  Mapping 'ALU_DW02_mult_1'
  Mapping 'ALU_DW02_mult_2'
  Mapping 'ALU_DW02_mult_3'
  Mapping 'ALU_DW02_mult_4'
  Mapping 'ALU_DW02_mult_5'
  Mapping 'ALU_DW02_mult_6'
  Mapping 'ALU_DW02_mult_7'
  Mapping 'ALU_DW02_mult_8'
  Mapping 'ALU_DW02_mult_9'
  Mapping 'ALU_DW02_mult_10'
  Mapping 'ALU_DW02_mult_11'
  Mapping 'ALU_DW02_mult_12'
  Mapping 'ALU_DW02_mult_13'
  Mapping 'ALU_DW02_mult_14'
  Mapping 'ALU_DW02_mult_15'
  Mapping 'ALU_DW02_mult_16'
  Mapping 'ALU_DW02_mult_17'
  Mapping 'ALU_DW02_mult_18'
  Mapping 'ALU_DW02_mult_19'
  Mapping 'ALU_DW02_mult_20'
  Processing 'ALU_DW01_add_0'
  Processing 'ALU_DW01_add_1'
  Processing 'ALU_DW01_add_2'
  Processing 'ALU_DW01_add_3'
  Processing 'ALU_DW01_add_4'
  Processing 'ALU_DW01_add_5'
  Processing 'ALU_DW01_add_6'
  Processing 'ALU_DW01_add_7'
  Processing 'ALU_DW01_add_8'
  Processing 'ALU_DW01_add_9'
  Processing 'ALU_DW01_add_10'
  Processing 'ALU_DW01_add_11'
  Processing 'ALU_DW01_add_12'
  Processing 'ALU_DW01_add_13'
  Processing 'ALU_DW01_add_14'
  Processing 'ALU_DW01_add_15'
  Processing 'ALU_DW01_add_16'
  Processing 'ALU_DW01_add_17'
  Processing 'ALU_DW01_add_18'
  Processing 'ALU_DW01_add_19'
  Processing 'ALU_DW01_add_20'
  Processing 'ALU_DW01_add_21'
  Processing 'ALU_DW01_add_22'
  Processing 'ALU_DW01_add_23'
  Processing 'ALU_DW01_add_24'
  Processing 'ALU_DW01_add_25'
  Processing 'ALU_DW01_add_26'
  Processing 'ALU_DW01_add_27'
  Processing 'ALU_DW01_add_28'
  Processing 'ALU_DW01_add_29'
  Processing 'ALU_DW_div_uns_0'
  Mapping 'DW01_add'
  Mapping 'DW01_add'
  Mapping 'DW01_add'
  Mapping 'DW01_add'
  Mapping 'ALU_DW01_add_30'
  Mapping 'ALU_DW01_add_31'
  Mapping 'ALU_DW01_add_32'
  Mapping 'ALU_DW01_add_33'
  Mapping 'ALU_DW01_add_34'
  Mapping 'ALU_DW01_add_35'
  Mapping 'ALU_DW01_add_36'
  Mapping 'ALU_DW01_add_37'
  Mapping 'ALU_DW01_add_38'
  Mapping 'ALU_DW01_add_39'
  Mapping 'ALU_DW01_add_40'
  Mapping 'ALU_DW01_add_41'
  Mapping 'ALU_DW01_add_42'
  Mapping 'ALU_DW01_add_43'
  Mapping 'ALU_DW01_add_44'
  Mapping 'ALU_DW01_add_45'
  Mapping 'ALU_DW01_add_46'
  Mapping 'ALU_DW01_add_47'
  Mapping 'ALU_DW01_add_48'
  Mapping 'ALU_DW01_add_49'
  Mapping 'ALU_DW01_add_50'
  Mapping 'ALU_DW01_add_51'
  Mapping 'ALU_DW01_add_52'
  Mapping 'ALU_DW01_add_53'
  Mapping 'ALU_DW01_add_54'
  Mapping 'ALU_DW01_add_55'
  Mapping 'ALU_DW01_add_56'
  Mapping 'ALU_DW01_add_57'
  Mapping 'ALU_DW01_add_58'
  Mapping 'ALU_DW01_add_59'
  Mapping 'ALU_DW01_add_60'
  Mapping 'ALU_DW01_add_61'
  Mapping 'ALU_DW01_add_62'
  Mapping 'ALU_DW01_add_63'
  Mapping 'ALU_DW01_add_64'
  Mapping 'ALU_DW01_add_65'
  Mapping 'ALU_DW01_add_66'
  Mapping 'ALU_DW01_add_67'
  Mapping 'ALU_DW01_add_68'
  Mapping 'ALU_DW01_add_69'
  Mapping 'ALU_DW01_add_70'
  Mapping 'ALU_DW01_add_71'
  Mapping 'ALU_DW01_add_72'
  Mapping 'ALU_DW01_add_73'
  Mapping 'ALU_DW01_add_74'
  Mapping 'ALU_DW01_add_75'
  Mapping 'ALU_DW01_add_76'
  Mapping 'ALU_DW01_add_77'
  Mapping 'ALU_DW01_add_78'
  Mapping 'ALU_DW01_add_79'
  Mapping 'ALU_DW01_add_80'
  Mapping 'ALU_DW01_add_81'
  Mapping 'ALU_DW01_add_82'
  Mapping 'ALU_DW01_add_83'
  Mapping 'ALU_DW01_add_84'
  Mapping 'ALU_DW01_add_85'
  Mapping 'ALU_DW01_add_86'
  Mapping 'ALU_DW01_add_87'
  Mapping 'ALU_DW01_add_88'
  Processing 'ALU_DW_div_uns_1'
  Mapping 'DW01_add'
  Mapping 'DW01_add'
  Mapping 'DW01_add'
  Mapping 'DW01_add'
  Mapping 'ALU_DW01_add_89'
  Mapping 'ALU_DW01_add_90'
  Mapping 'ALU_DW01_add_91'
  Mapping 'ALU_DW01_add_92'
  Mapping 'ALU_DW01_add_93'
  Mapping 'ALU_DW01_add_94'
  Mapping 'ALU_DW01_add_95'
  Mapping 'ALU_DW01_add_96'
  Mapping 'ALU_DW01_add_97'
  Mapping 'ALU_DW01_add_98'
  Mapping 'ALU_DW01_add_99'
  Mapping 'ALU_DW01_add_100'
  Mapping 'ALU_DW01_add_101'
  Mapping 'ALU_DW01_add_102'
  Mapping 'ALU_DW01_add_103'
  Mapping 'ALU_DW01_add_104'
  Mapping 'ALU_DW01_add_105'
  Mapping 'ALU_DW01_add_106'
  Mapping 'ALU_DW01_add_107'
  Mapping 'ALU_DW01_add_108'
  Mapping 'ALU_DW01_add_109'
  Mapping 'ALU_DW01_add_110'
  Mapping 'ALU_DW01_add_111'
  Mapping 'ALU_DW01_add_112'
  Mapping 'ALU_DW01_add_113'
  Mapping 'ALU_DW01_add_114'
  Mapping 'ALU_DW01_add_115'
  Processing 'ALU_DW_div_uns_2'
  Mapping 'DW01_add'
  Mapping 'DW01_add'
  Mapping 'DW01_add'
  Mapping 'DW01_add'
  Mapping 'ALU_DW01_add_116'
  Mapping 'ALU_DW01_add_117'
  Mapping 'ALU_DW01_add_118'
  Mapping 'ALU_DW01_add_119'
  Mapping 'ALU_DW01_add_120'
  Mapping 'ALU_DW01_add_121'
  Mapping 'ALU_DW01_add_122'
  Mapping 'ALU_DW01_add_123'
  Mapping 'ALU_DW01_add_124'
  Mapping 'ALU_DW01_add_125'
  Mapping 'ALU_DW01_add_126'
  Mapping 'ALU_DW01_add_127'
  Mapping 'ALU_DW01_add_128'
  Mapping 'ALU_DW01_add_129'
  Mapping 'ALU_DW01_add_130'
  Mapping 'ALU_DW01_add_131'
  Mapping 'ALU_DW01_add_132'
  Mapping 'ALU_DW01_add_133'
  Mapping 'ALU_DW01_add_134'
  Mapping 'ALU_DW01_add_135'
  Mapping 'ALU_DW01_add_136'
  Mapping 'ALU_DW01_add_137'
  Mapping 'ALU_DW01_add_138'
  Mapping 'ALU_DW01_add_139'
  Mapping 'ALU_DW01_add_140'
  Mapping 'ALU_DW01_add_141'
  Mapping 'ALU_DW01_add_142'
  Processing 'ALU_DW_div_uns_3'
  Mapping 'DW01_add'
  Mapping 'DW01_add'
  Mapping 'DW01_add'
  Mapping 'DW01_add'
  Mapping 'ALU_DW01_add_143'
  Mapping 'ALU_DW01_add_144'
  Mapping 'ALU_DW01_add_145'
  Processing 'ALU_DW_div_uns_4'
  Mapping 'DW01_add'
  Mapping 'DW01_add'
  Mapping 'DW01_add'
  Mapping 'DW01_add'
  Mapping 'ALU_DW01_add_146'
  Mapping 'ALU_DW01_add_147'
  Mapping 'ALU_DW01_add_148'
  Processing 'ALU_DW_div_uns_5'
  Mapping 'DW01_add'
  Mapping 'DW01_add'
  Mapping 'DW01_add'
  Mapping 'DW01_add'
  Mapping 'ALU_DW01_add_149'
  Mapping 'ALU_DW01_add_150'
  Mapping 'ALU_DW01_add_151'
  Processing 'ALU_DW_div_uns_6'
  Mapping 'DW01_add'
  Mapping 'DW01_add'
  Mapping 'DW01_add'
  Mapping 'DW01_add'
  Mapping 'ALU_DW01_add_152'
  Mapping 'ALU_DW01_add_153'
  Mapping 'ALU_DW01_add_154'
  Processing 'ALU_DW_div_uns_7'
  Mapping 'DW01_add'
  Mapping 'DW01_add'
  Mapping 'DW01_add'
  Mapping 'DW01_add'
  Mapping 'ALU_DW01_add_155'
  Mapping 'ALU_DW01_add_156'
  Mapping 'ALU_DW01_add_157'
  Processing 'ALU_DW_div_uns_8'
  Mapping 'DW01_add'
  Mapping 'DW01_add'
  Mapping 'DW01_add'
  Mapping 'DW01_add'
  Mapping 'ALU_DW01_add_158'
  Mapping 'ALU_DW01_add_159'
  Mapping 'ALU_DW01_add_160'
  Processing 'ALU_DW_div_uns_9'
  Mapping 'DW01_add'
  Mapping 'DW01_add'
  Mapping 'DW01_add'
  Mapping 'DW01_add'
  Mapping 'ALU_DW01_add_161'
  Mapping 'ALU_DW01_add_162'
  Mapping 'ALU_DW01_add_163'
  Processing 'ALU_DW_div_uns_10'
  Mapping 'DW01_add'
  Mapping 'DW01_add'
  Mapping 'DW01_add'
  Mapping 'DW01_add'
  Mapping 'ALU_DW01_add_164'
  Mapping 'ALU_DW01_add_165'
  Mapping 'ALU_DW01_add_166'
  Processing 'ALU_DW_div_uns_11'
  Mapping 'DW01_add'
  Mapping 'DW01_add'
  Mapping 'DW01_add'
  Mapping 'DW01_add'
  Mapping 'ALU_DW01_add_167'
  Mapping 'ALU_DW01_add_168'
  Mapping 'ALU_DW01_add_169'
  Mapping 'ALU_DW01_add_170'
  Mapping 'ALU_DW01_add_171'
  Mapping 'ALU_DW01_add_172'
  Mapping 'ALU_DW01_add_173'
  Mapping 'ALU_DW01_add_174'
  Mapping 'ALU_DW01_add_175'
  Mapping 'ALU_DW01_add_176'
  Mapping 'ALU_DW01_add_177'
  Mapping 'ALU_DW01_add_178'
  Mapping 'ALU_DW01_add_179'
  Mapping 'ALU_DW01_add_180'
  Mapping 'ALU_DW01_add_181'
  Mapping 'ALU_DW01_add_182'
  Mapping 'ALU_DW01_add_183'
  Mapping 'ALU_DW01_add_184'
  Mapping 'ALU_DW01_add_185'
  Mapping 'ALU_DW01_add_186'
  Mapping 'ALU_DW01_add_187'
  Mapping 'ALU_DW01_add_188'
  Mapping 'ALU_DW01_add_189'
  Mapping 'ALU_DW01_add_190'
  Mapping 'ALU_DW01_add_191'
  Mapping 'ALU_DW01_add_192'
  Mapping 'ALU_DW01_add_193'
  Mapping 'ALU_DW01_add_194'
  Mapping 'ALU_DW01_add_195'
  Mapping 'ALU_DW01_add_196'
  Mapping 'ALU_DW01_add_197'
  Mapping 'ALU_DW01_add_198'
  Mapping 'ALU_DW01_add_199'
  Mapping 'ALU_DW01_add_200'
  Mapping 'ALU_DW01_add_201'
  Mapping 'ALU_DW01_add_202'
  Mapping 'ALU_DW01_add_203'
  Mapping 'ALU_DW01_add_204'
  Mapping 'ALU_DW01_add_205'
  Mapping 'ALU_DW01_add_206'
  Mapping 'ALU_DW01_add_207'
  Mapping 'ALU_DW01_add_208'
  Mapping 'ALU_DW01_add_209'
  Mapping 'ALU_DW01_add_210'
  Mapping 'ALU_DW01_add_211'
  Mapping 'ALU_DW01_add_212'
  Mapping 'ALU_DW01_add_213'
  Mapping 'ALU_DW01_add_214'
  Mapping 'ALU_DW01_add_215'
  Mapping 'ALU_DW01_add_216'
  Mapping 'ALU_DW01_add_217'
  Mapping 'ALU_DW01_add_218'
  Mapping 'ALU_DW01_add_219'
  Mapping 'ALU_DW01_add_220'
  Mapping 'ALU_DW01_add_221'
  Mapping 'ALU_DW01_add_222'
  Mapping 'ALU_DW01_add_223'
  Mapping 'ALU_DW01_add_224'
  Mapping 'ALU_DW01_add_225'
  Processing 'ALU_DW_div_uns_12'
  Mapping 'DW01_add'
  Mapping 'DW01_add'
  Mapping 'DW01_add'
  Mapping 'DW01_add'
  Mapping 'ALU_DW01_add_226'
  Mapping 'ALU_DW01_add_227'
  Mapping 'ALU_DW01_add_228'
  Mapping 'ALU_DW01_add_229'
  Mapping 'ALU_DW01_add_230'
  Mapping 'ALU_DW01_add_231'
  Mapping 'ALU_DW01_add_232'
  Mapping 'ALU_DW01_add_233'
  Mapping 'ALU_DW01_add_234'
  Mapping 'ALU_DW01_add_235'
  Mapping 'ALU_DW01_add_236'
  Mapping 'ALU_DW01_add_237'
  Mapping 'ALU_DW01_add_238'
  Mapping 'ALU_DW01_add_239'
  Mapping 'ALU_DW01_add_240'
  Mapping 'ALU_DW01_add_241'
  Mapping 'ALU_DW01_add_242'
  Mapping 'ALU_DW01_add_243'
  Mapping 'ALU_DW01_add_244'
  Mapping 'ALU_DW01_add_245'
  Mapping 'ALU_DW01_add_246'
  Mapping 'ALU_DW01_add_247'
  Mapping 'ALU_DW01_add_248'
  Mapping 'ALU_DW01_add_249'
  Mapping 'ALU_DW01_add_250'
  Mapping 'ALU_DW01_add_251'
  Mapping 'ALU_DW01_add_252'
  Processing 'ALU_DW_div_uns_13'
  Mapping 'DW01_add'
  Mapping 'DW01_add'
  Mapping 'DW01_add'
  Mapping 'DW01_add'
  Mapping 'ALU_DW01_add_253'
  Mapping 'ALU_DW01_add_254'
  Mapping 'ALU_DW01_add_255'
  Mapping 'ALU_DW01_add_256'
  Mapping 'ALU_DW01_add_257'
  Mapping 'ALU_DW01_add_258'
  Mapping 'ALU_DW01_add_259'
  Mapping 'ALU_DW01_add_260'
  Mapping 'ALU_DW01_add_261'
  Mapping 'ALU_DW01_add_262'
  Mapping 'ALU_DW01_add_263'
  Mapping 'ALU_DW01_add_264'
  Mapping 'ALU_DW01_add_265'
  Mapping 'ALU_DW01_add_266'
  Mapping 'ALU_DW01_add_267'
  Mapping 'ALU_DW01_add_268'
  Mapping 'ALU_DW01_add_269'
  Mapping 'ALU_DW01_add_270'
  Mapping 'ALU_DW01_add_271'
  Mapping 'ALU_DW01_add_272'
  Mapping 'ALU_DW01_add_273'
  Mapping 'ALU_DW01_add_274'
  Mapping 'ALU_DW01_add_275'
  Mapping 'ALU_DW01_add_276'
  Mapping 'ALU_DW01_add_277'
  Mapping 'ALU_DW01_add_278'
  Mapping 'ALU_DW01_add_279'
  Processing 'ALU_DW_div_uns_14'
  Mapping 'DW01_add'
  Mapping 'DW01_add'
  Mapping 'DW01_add'
  Mapping 'DW01_add'
  Mapping 'ALU_DW01_add_280'
  Mapping 'ALU_DW01_add_281'
  Mapping 'ALU_DW01_add_282'
  Mapping 'ALU_DW01_add_283'
  Mapping 'ALU_DW01_add_284'
  Mapping 'ALU_DW01_add_285'
  Mapping 'ALU_DW01_add_286'
  Mapping 'ALU_DW01_add_287'
  Mapping 'ALU_DW01_add_288'
  Mapping 'ALU_DW01_add_289'
  Mapping 'ALU_DW01_add_290'
  Processing 'ALU_DW_div_uns_15'
  Mapping 'DW01_add'
  Mapping 'DW01_add'
  Mapping 'DW01_add'
  Mapping 'DW01_add'
  Mapping 'ALU_DW01_add_291'
  Mapping 'ALU_DW01_add_292'
  Mapping 'ALU_DW01_add_293'
  Mapping 'ALU_DW01_add_294'
  Mapping 'ALU_DW01_add_295'
  Mapping 'ALU_DW01_add_296'
  Mapping 'ALU_DW01_add_297'
  Mapping 'ALU_DW01_add_298'
  Mapping 'ALU_DW01_add_299'
  Mapping 'ALU_DW01_add_300'
  Mapping 'ALU_DW01_add_301'
  Processing 'ALU_DW_div_uns_16'
  Mapping 'DW01_add'
  Mapping 'DW01_add'
  Mapping 'DW01_add'
  Mapping 'DW01_add'
  Mapping 'ALU_DW01_add_302'
  Mapping 'ALU_DW01_add_303'
  Mapping 'ALU_DW01_add_304'
  Mapping 'ALU_DW01_add_305'
  Mapping 'ALU_DW01_add_306'
  Mapping 'ALU_DW01_add_307'
  Mapping 'ALU_DW01_add_308'
  Mapping 'ALU_DW01_add_309'
  Mapping 'ALU_DW01_add_310'
  Mapping 'ALU_DW01_add_311'
  Mapping 'ALU_DW01_add_312'
  Processing 'ALU_DW_div_uns_17'
  Mapping 'DW01_add'
  Mapping 'DW01_add'
  Mapping 'DW01_add'
  Mapping 'DW01_add'
  Mapping 'ALU_DW01_add_313'
  Mapping 'ALU_DW01_add_314'
  Mapping 'ALU_DW01_add_315'
  Mapping 'ALU_DW01_add_316'
  Mapping 'ALU_DW01_add_317'
  Mapping 'ALU_DW01_add_318'
  Mapping 'ALU_DW01_add_319'
  Mapping 'ALU_DW01_add_320'
  Mapping 'ALU_DW01_add_321'
  Mapping 'ALU_DW01_add_322'
  Mapping 'ALU_DW01_add_323'
  Processing 'ALU_DW_div_uns_18'
  Mapping 'DW01_add'
  Mapping 'DW01_add'
  Mapping 'DW01_add'
  Mapping 'DW01_add'
  Mapping 'ALU_DW01_add_324'
  Mapping 'ALU_DW01_add_325'
  Mapping 'ALU_DW01_add_326'
  Processing 'ALU_DW_div_uns_19'
  Mapping 'DW01_add'
  Mapping 'DW01_add'
  Mapping 'DW01_add'
  Mapping 'DW01_add'
  Mapping 'ALU_DW01_add_327'
  Mapping 'ALU_DW01_add_328'
  Mapping 'ALU_DW01_add_329'
  Processing 'ALU_DW_div_uns_20'
  Mapping 'DW01_add'
  Mapping 'DW01_add'
  Mapping 'DW01_add'
  Mapping 'DW01_add'
  Mapping 'ALU_DW01_add_330'
  Mapping 'ALU_DW01_add_331'
  Mapping 'ALU_DW01_add_332'
  Processing 'ALU_DW_div_uns_21'
  Mapping 'DW01_add'
  Mapping 'DW01_add'
  Mapping 'DW01_add'
  Mapping 'DW01_add'
  Mapping 'ALU_DW01_add_333'
  Mapping 'ALU_DW01_add_334'
  Mapping 'ALU_DW01_add_335'
  Processing 'ALU_DW_div_uns_22'
  Mapping 'DW01_add'
  Mapping 'DW01_add'
  Mapping 'DW01_add'
  Mapping 'DW01_add'
  Mapping 'ALU_DW01_add_336'
  Mapping 'ALU_DW01_add_337'
  Mapping 'ALU_DW01_add_338'
  Processing 'ALU_DW_div_uns_23'
  Mapping 'DW01_add'
  Mapping 'DW01_add'
  Mapping 'DW01_add'
  Mapping 'DW01_add'
  Mapping 'ALU_DW01_add_339'
  Mapping 'ALU_DW01_add_340'
  Mapping 'ALU_DW01_add_341'
  Processing 'ALU_DW_div_uns_24'
  Mapping 'DW01_add'
  Mapping 'DW01_add'
  Mapping 'DW01_add'
  Mapping 'DW01_add'
  Mapping 'ALU_DW01_add_342'
  Mapping 'ALU_DW01_add_343'
  Mapping 'ALU_DW01_add_344'
  Processing 'ALU_DW_div_uns_25'
  Mapping 'DW01_add'
  Mapping 'DW01_add'
  Mapping 'DW01_add'
  Mapping 'DW01_add'
  Mapping 'ALU_DW01_add_345'
  Mapping 'ALU_DW01_add_346'
  Mapping 'ALU_DW01_add_347'
  Mapping 'DW_rightsh'
Information: Added key list 'DesignWare' to design 'ALU'. (DDB-72)
  Mapping 'DW_rightsh'
  Mapping 'DW_rightsh'
  Mapping 'DW_rightsh'
  Mapping 'DW_rightsh'
  Mapping 'DW_rightsh'
  Mapping 'DW_rightsh'
  Mapping 'DW_rightsh'
  Mapping 'DW_rightsh'
  Mapping 'DW_rightsh'
  Mapping 'DW_rightsh'
  Mapping 'DW_rightsh'
  Mapping 'DW_rightsh'
  Mapping 'DW_rightsh'
  Mapping 'DW_rightsh'
  Mapping 'DW_leftsh'
  Mapping 'DW_leftsh'
  Mapping 'DW_leftsh'
  Mapping 'DW_leftsh'
  Mapping 'DW_leftsh'
  Mapping 'DW_leftsh'
  Mapping 'DW_leftsh'
  Mapping 'DW_leftsh'
  Mapping 'DW_leftsh'
  Mapping 'DW_leftsh'
  Mapping 'DW_leftsh'
  Mapping 'DW_leftsh'
  Mapping 'DW_leftsh'
  Mapping 'DW_leftsh'
  Mapping 'DW_leftsh'
  Processing 'ALU_DW01_inc_0'
  Processing 'ALU_DW01_inc_1'
  Processing 'ALU_DW01_inc_2'
  Processing 'ALU_DW01_inc_3'
  Processing 'ALU_DW01_inc_4'
  Processing 'ALU_DW01_inc_5'
  Processing 'ALU_DW01_inc_6'
  Processing 'ALU_DW01_inc_7'
  Processing 'ALU_DW01_inc_8'
  Processing 'ALU_DW01_inc_9'
  Processing 'ALU_DW01_inc_10'
  Processing 'ALU_DW01_inc_11'
  Processing 'ALU_DW01_inc_12'
  Processing 'ALU_DW01_inc_13'
  Processing 'ALU_DW01_inc_14'
  Mapping 'ALU_DW_mult_uns_0'
  Mapping 'ALU_DW_mult_uns_1'
  Mapping 'ALU_DW_mult_uns_2'
  Mapping 'ALU_DW_mult_uns_3'
  Mapping 'ALU_DW_mult_uns_4'
  Mapping 'ALU_DW_mult_uns_5'
  Mapping 'ALU_DW_mult_uns_6'

  Beginning Mapping Optimizations  (Medium effort)
  -------------------------------
  Mapping Optimization (Phase 1)

                                  TOTAL                                      
   ELAPSED            WORST NEG   SETUP    DESIGN                            
    TIME      AREA      SLACK     COST    RULE COST         ENDPOINT         
  --------- --------- --------- --------- --------- -------------------------
    0:00:39  205514.0    195.43   12300.8      51.2                          
    0:00:39  205514.0    195.43   12300.8      51.2                          
    0:00:40  206023.6    195.43   12300.8      51.2                          
    0:00:41  206434.7    195.49   12303.6      51.2                          
    0:00:41  206633.7    195.47   12303.5      51.2                          
    0:00:43  206896.1    195.37   12302.6      51.2                          
    0:00:43  207093.2    195.18   12300.7      51.2                          
    0:00:44  207235.4    194.97   12299.0      51.2                          
    0:00:45  207413.2    194.75   12297.0      51.2                          
    0:00:46  207588.8    194.56   12296.1      51.2                          
    0:00:47  207820.1    194.35   12295.1      51.2                          
    0:00:48  208077.8    194.06   12291.3      51.2                          
    0:00:49  208382.3    193.45   12289.6      51.2                          
    0:00:50  208609.0    192.74   12286.7      51.2                          
    0:00:51  208845.1    192.20   12283.4      51.2                          
    0:00:52  208978.4    191.72   12278.5      51.1                          
    0:00:53  209160.9    191.29   12277.1      51.0                          
    0:00:53  209373.0    190.86   12275.1      50.7                          
    0:00:54  209549.5    190.38   12269.3      50.3                          
    0:00:55  209703.4    189.83   12271.4      49.8                          
    0:00:55  209892.6    189.41   12269.9      49.2                          
    0:00:56  210082.1    188.91   12263.5      48.4                          
    0:00:57  210358.1    188.12   12239.8      47.5                          
    0:00:58  210704.9    186.68   12173.0      46.4                          
    0:00:59  211260.1    185.42   12095.9      45.7                          
    0:01:01  213400.1    184.80   12095.2      41.6                          
    0:01:03  216067.6    175.57   11495.4      36.9                          
    0:01:04  216650.5    174.79   11378.7      36.3                          
  Error processing 'ALU'.
    0:01:47  221914.6    168.40   11025.8      35.3                          
Error: Could not connect to child process. (PROC-3)
Loading db file '/home/scf-22/ee577/NCSU45PDK/FreePDK45/osu_soc/lib/files/gscl45nm.db'


Note: Symbol # after min delay cost means estimated hold TNS across all active scenarios 


  Optimization Complete
  ---------------------
0
# For better synthesis result, use "compile_ultra" command.
# compile_ultra is doing automatic ungrouping during optimization,
# therefore sometimes it's hard to figure out the critical path 
# from the synthesized netlist.
# So, use "compile" command for now.
# Writing the synthesis result into Synopsys db format.
# You can read the saved db file into DesignCompiler later using
# "read_db" command for further analysis (timing, area...).
#write -xg_force_db -format db -hierarchy -out db/$design_name.db ;
# Generating timing and are report of the synthezied design.
report_timing > report/$design_name.timing ;
